app/build/intermediates/manifest_merge_blame_file/debug/manifest-merger-blame-debug-report.txt
1<?xml version="1.0" encoding="utf-8"?>
2<manifest xmlns:android="http://schemas.android.com/apk/res/android"
3    package="com.example.marketer"
4    android:versionCode="1"
5    android:versionName="1.0" >
6
7    <uses-sdk
8        android:minSdkVersion="21"
8-->src\main\AndroidManifest.xml
9        android:targetSdkVersion="30" />
9-->src\main\AndroidManifest.xml
10
11    <application
11-->src\main\AndroidManifest.xml:5:5-48:19
12        android:allowBackup="true"
12-->src\main\AndroidManifest.xml:6:9-35
13        android:appComponentFactory="androidx.core.app.CoreComponentFactory"
13-->[androidx.core:core:1.3.2] AndroidManifest.xml:24:18-86
14        android:debuggable="true"
15        android:icon="@mipmap/ic_launcher"
15-->src\main\AndroidManifest.xml:7:9-43
16        android:label="@string/app_name"
16-->src\main\AndroidManifest.xml:8:9-41
17        android:roundIcon="@mipmap/ic_launcher_round"
17-->src\main\AndroidManifest.xml:9:9-54
18        android:supportsRtl="true"
18-->src\main\AndroidManifest.xml:10:9-35
19        android:testOnly="true"
20        android:theme="@style/Theme.Marketer" >
20-->src\main\AndroidManifest.xml:11:9-46
21        <activity android:name="com.example.marketer.aboutus" />
21-->src\main\AndroidManifest.xml:12:9-54
21-->src\main\AndroidManifest.xml:12:19-42
22        <activity
22-->src\main\AndroidManifest.xml:13:9-21:20
23            android:name="com.example.marketer.splashscreen"
23-->src\main\AndroidManifest.xml:14:13-41
24            android:theme="@style/Theme.AppCompat.NoActionBar" >
24-->src\main\AndroidManifest.xml:15:13-63
25            <intent-filter>
25-->src\main\AndroidManifest.xml:16:13-20:29
26                <action android:name="android.intent.action.MAIN" />
26-->src\main\AndroidManifest.xml:17:17-69
26-->src\main\AndroidManifest.xml:17:25-66
27
28                <category android:name="android.intent.category.LAUNCHER" />
28-->src\main\AndroidManifest.xml:19:17-77
28-->src\main\AndroidManifest.xml:19:27-74
29            </intent-filter>
30        </activity>
31        <activity
31-->src\main\AndroidManifest.xml:22:9-25:58
32            android:name="com.example.marketer.login_daftar_guest"
32-->src\main\AndroidManifest.xml:23:13-47
33            android:theme="@style/Theme.AppCompat.NoActionBar"
33-->src\main\AndroidManifest.xml:24:13-63
34            android:windowSoftInputMode="adjustResize" />
34-->src\main\AndroidManifest.xml:25:13-55
35        <activity
35-->src\main\AndroidManifest.xml:26:9-29:58
36            android:name="com.example.marketer.Daftar"
36-->src\main\AndroidManifest.xml:27:13-35
37            android:theme="@style/Theme.AppCompat.NoActionBar"
37-->src\main\AndroidManifest.xml:28:13-63
38            android:windowSoftInputMode="adjustResize" />
38-->src\main\AndroidManifest.xml:29:13-55
39        <activity
39-->src\main\AndroidManifest.xml:30:9-32:58
40            android:name="com.example.marketer.menu"
40-->src\main\AndroidManifest.xml:31:13-33
41            android:windowSoftInputMode="adjustResize" />
41-->src\main\AndroidManifest.xml:32:13-55
42        <activity
42-->src\main\AndroidManifest.xml:33:9-40:20
43            android:name="com.example.marketer.jendelamap"
43-->src\main\AndroidManifest.xml:34:13-39
44            android:parentActivityName="com.example.marketer.menu"
44-->src\main\AndroidManifest.xml:35:13-47
45            android:windowSoftInputMode="adjustResize" >
45-->src\main\AndroidManifest.xml:36:13-55
46            <meta-data
46-->src\main\AndroidManifest.xml:37:13-39:47
47                android:name="androd.support.PARENT_ACTIVITY"
47-->src\main\AndroidManifest.xml:38:17-62
48                android:value=".jendelamap" />
48-->src\main\AndroidManifest.xml:39:17-44
49        </activity>
50        <activity
50-->src\main\AndroidManifest.xml:41:9-44:58
51            android:name="com.example.marketer.note"
51-->src\main\AndroidManifest.xml:42:13-33
52            android:theme="@style/Theme.AppCompat.NoActionBar"
52-->src\main\AndroidManifest.xml:43:13-63
53            android:windowSoftInputMode="adjustResize" />
53-->src\main\AndroidManifest.xml:44:13-55
54        <activity
54-->src\main\AndroidManifest.xml:45:9-47:58
55            android:name="com.example.marketer.panduan"
55-->src\main\AndroidManifest.xml:46:13-36
56            android:windowSoftInputMode="adjustResize" />
56-->src\main\AndroidManifest.xml:47:13-55
57    </application>
58
59</manifest>